<?xml version="1.0" encoding="UTF-8"?><testsuite errors="0" failures="1" name="Countdown widget" skipped="0" tests="17" time="90.27" timestamp="2017-04-103 05:32:58"><testcase name="(/products-and-docs/widgets/countdown/) [3.3.1 Countdown widget layout]"/><testcase name="(/products-and-docs/widgets/countdown/) [3.3.2 Countdown widget "/><testcase name="(/products-and-docs/widgets/countdown/) TECHNICAL TAB - Verification of default embed code"/><testcase name="(/products-and-docs/widgets/countdown/) TECHNICAL TAB - Check that embed code functionality works properly"/><testcase name="(/products-and-docs/widgets/countdown/) TECHNICAL TAB - Check RESET button functionality"/><testcase name="(/products-and-docs/widgets/countdown/) TECHNICAL TAB - Check RESET button functionality on Embedded Code Pop-up window"/><testcase name="(/products-and-docs/widgets/countdown/) TECHNICAL TAB - Get new EventId"/><testcase name="(/products-and-docs/widgets/countdown/) TECHNICAL TAB - Check links"/><testcase name="(/products-and-docs/widgets/countdown/) VISUAL TAB - Check Full-width mode"/><testcase name="(/products-and-docs/widgets/countdown/) [3.3.4 Countdown widget "/><testcase name="(/products-and-docs/widgets/countdown/) VISUAL TAB - Check Layout Orientations"/><testcase name="(/products-and-docs/widgets/countdown/) Event message - Check event message for invalid API Key"/><testcase name="(/products-and-docs/widgets/countdown/) Event message - Check event message for invalid Event ID"><failure message="Event message does not contains No results were found" type="java.lang.AssertionError">Event message does not contains No results were found</failure><system-err>Event message does not contains No results were found
com.tkmdpa.taf.steps.products_and_docs.PD_Widget_CountdownSteps.checkThatEventMessageIsShown(PD_Widget_CountdownSteps.java:216)
com.tkmdpa.taf.definitions.widgets.CountdownWidgetDefinition.checkThatEventMessageIsShown(CountdownWidgetDefinition.java:185)
</system-err></testcase></testsuite>